<?xml version="1.0" encoding="UTF-8"?>
<robot generator="Robot 5.0.1 (Python 3.9.13 on win32)" generated="20220706 12:37:11.370" rpa="false" schemaversion="3">
<suite id="s1" name="Title" source="H:\Meu Drive\Profissionalização\qAcademy_atividades\curso_robot_framework_e_selenium\aula03_organizando_outputs\web\title.robot">
<test id="s1-t1" name="Should See Page Title" line="5">
<kw name="Open Browser" library="SeleniumLibrary">
<arg>https://training-wheels-protocol.herokuapp.com/</arg>
<arg>chrome</arg>
<doc>Opens a new browser instance to the optional ``url``.</doc>
<msg timestamp="20220706 12:37:12.305" level="INFO">Opening browser 'chrome' to base url 'https://training-wheels-protocol.herokuapp.com/'.</msg>
<status status="PASS" starttime="20220706 12:37:12.304" endtime="20220706 12:37:17.178"/>
</kw>
<kw name="Title Should Be" library="SeleniumLibrary">
<arg>Training Wheels Protocol</arg>
<doc>Verifies that the current page title equals ``title``.</doc>
<msg timestamp="20220706 12:37:17.193" level="INFO">Page title is 'Training Wheels Protocol'.</msg>
<status status="PASS" starttime="20220706 12:37:17.181" endtime="20220706 12:37:17.193"/>
</kw>
<kw name="Close Browser" library="SeleniumLibrary">
<doc>Closes the current browser.</doc>
<status status="PASS" starttime="20220706 12:37:17.194" endtime="20220706 12:37:19.545"/>
</kw>
<status status="PASS" starttime="20220706 12:37:12.302" endtime="20220706 12:37:19.545"/>
</test>
<status status="PASS" starttime="20220706 12:37:11.377" endtime="20220706 12:37:19.549"/>
</suite>
<statistics>
<total>
<stat pass="1" fail="0" skip="0">All Tests</stat>
</total>
<tag>
</tag>
<suite>
<stat pass="1" fail="0" skip="0" id="s1" name="Title">Title</stat>
</suite>
</statistics>
<errors>
</errors>
</robot>
