<?xml version="1.0" encoding="UTF-8"?>
<robot generator="Robot 5.0.1 (Python 3.9.13 on win32)" generated="20220714 01:00:59.935" rpa="false" schemaversion="3">
<suite id="s1" name="Login Form" source="H:\Meu Drive\Profissionalização\qAcademy_atividades\QAcademy-Selenium-Com-RobotFramework\aula12_page_object_e_keywords\web\tests\login_form.robot">
<test id="s1-t1" name="Login com sucesso" line="9">
<kw name="Nova sessão" library="base" type="SETUP">
<kw name="Open Browser" library="SeleniumLibrary">
<arg>${url}</arg>
<arg>chrome</arg>
<doc>Opens a new browser instance to the optional ``url``.</doc>
<msg timestamp="20220714 01:01:00.192" level="INFO">Opening browser 'chrome' to base url 'https://training-wheels-protocol.herokuapp.com/'.</msg>
<status status="PASS" starttime="20220714 01:01:00.192" endtime="20220714 01:01:07.342"/>
</kw>
<status status="PASS" starttime="20220714 01:01:00.192" endtime="20220714 01:01:07.343"/>
</kw>
<kw name="Go To" library="SeleniumLibrary">
<arg>${url}/login</arg>
<doc>Navigates the current browser window to the provided ``url``.</doc>
<msg timestamp="20220714 01:01:07.344" level="INFO">Opening url 'https://training-wheels-protocol.herokuapp.com//login'</msg>
<status status="PASS" starttime="20220714 01:01:07.343" endtime="20220714 01:01:08.175"/>
</kw>
<kw name="Login With">
<arg>stark</arg>
<arg>jarvis!</arg>
<kw name="Input Text" library="SeleniumLibrary">
<arg>css:input[name=username]</arg>
<arg>${uname}</arg>
<doc>Types the given ``text`` into the text field identified by ``locator``.</doc>
<msg timestamp="20220714 01:01:08.182" level="INFO">Typing text 'stark' into text field 'css:input[name=username]'.</msg>
<status status="PASS" starttime="20220714 01:01:08.179" endtime="20220714 01:01:08.625"/>
</kw>
<kw name="Input Text" library="SeleniumLibrary">
<arg>css:input[name=password]</arg>
<arg>${pass}</arg>
<doc>Types the given ``text`` into the text field identified by ``locator``.</doc>
<msg timestamp="20220714 01:01:08.625" level="INFO">Typing text 'jarvis!' into text field 'css:input[name=password]'.</msg>
<status status="PASS" starttime="20220714 01:01:08.625" endtime="20220714 01:01:08.832"/>
</kw>
<kw name="Click Element" library="SeleniumLibrary">
<arg>class:btn-login</arg>
<doc>Click the element identified by ``locator``.</doc>
<msg timestamp="20220714 01:01:08.834" level="INFO">Clicking element 'class:btn-login'.</msg>
<status status="PASS" starttime="20220714 01:01:08.833" endtime="20220714 01:01:09.706"/>
</kw>
<status status="PASS" starttime="20220714 01:01:08.176" endtime="20220714 01:01:09.707"/>
</kw>
<kw name="Should See Logged User">
<arg>Tony Stark</arg>
<kw name="Page Should Contain" library="SeleniumLibrary">
<arg>Olá, Tony Stark. Você acessou a área logada!</arg>
<doc>Verifies that current page contains ``text``.</doc>
<msg timestamp="20220714 01:01:10.053" level="INFO">Current page contains text 'Olá, Tony Stark. Você acessou a área logada!'.</msg>
<status status="PASS" starttime="20220714 01:01:09.708" endtime="20220714 01:01:10.054"/>
</kw>
<status status="PASS" starttime="20220714 01:01:09.707" endtime="20220714 01:01:10.054"/>
</kw>
<kw name="Encerra sessão" library="base" type="TEARDOWN">
<kw name="Capture Page Screenshot" library="SeleniumLibrary">
<doc>Takes a screenshot of the current page and embeds it into a log file.</doc>
<msg timestamp="20220714 01:01:10.236" level="INFO" html="true">&lt;/td&gt;&lt;/tr&gt;&lt;tr&gt;&lt;td colspan="3"&gt;&lt;a href="selenium-screenshot-1.png"&gt;&lt;img src="selenium-screenshot-1.png" width="800px"&gt;&lt;/a&gt;</msg>
<status status="PASS" starttime="20220714 01:01:10.055" endtime="20220714 01:01:10.236"/>
</kw>
<kw name="Close Browser" library="SeleniumLibrary">
<doc>Closes the current browser.</doc>
<status status="PASS" starttime="20220714 01:01:10.237" endtime="20220714 01:01:12.565"/>
</kw>
<status status="PASS" starttime="20220714 01:01:10.055" endtime="20220714 01:01:12.565"/>
</kw>
<status status="PASS" starttime="20220714 01:01:00.191" endtime="20220714 01:01:12.566"/>
</test>
<test id="s1-t2" name="Senha inválida" line="16">
<kw name="Nova sessão" library="base" type="SETUP">
<kw name="Open Browser" library="SeleniumLibrary">
<arg>${url}</arg>
<arg>chrome</arg>
<doc>Opens a new browser instance to the optional ``url``.</doc>
<msg timestamp="20220714 01:01:12.569" level="INFO">Opening browser 'chrome' to base url 'https://training-wheels-protocol.herokuapp.com/'.</msg>
<status status="PASS" starttime="20220714 01:01:12.569" endtime="20220714 01:01:17.147"/>
</kw>
<status status="PASS" starttime="20220714 01:01:12.569" endtime="20220714 01:01:17.147"/>
</kw>
<kw name="Go To" library="SeleniumLibrary">
<arg>${url}/login</arg>
<doc>Navigates the current browser window to the provided ``url``.</doc>
<msg timestamp="20220714 01:01:17.149" level="INFO">Opening url 'https://training-wheels-protocol.herokuapp.com//login'</msg>
<status status="PASS" starttime="20220714 01:01:17.148" endtime="20220714 01:01:18.717"/>
</kw>
<kw name="Login With">
<arg>stark</arg>
<arg>acb123</arg>
<kw name="Input Text" library="SeleniumLibrary">
<arg>css:input[name=username]</arg>
<arg>${uname}</arg>
<doc>Types the given ``text`` into the text field identified by ``locator``.</doc>
<msg timestamp="20220714 01:01:18.719" level="INFO">Typing text 'stark' into text field 'css:input[name=username]'.</msg>
<status status="PASS" starttime="20220714 01:01:18.718" endtime="20220714 01:01:18.856"/>
</kw>
<kw name="Input Text" library="SeleniumLibrary">
<arg>css:input[name=password]</arg>
<arg>${pass}</arg>
<doc>Types the given ``text`` into the text field identified by ``locator``.</doc>
<msg timestamp="20220714 01:01:18.858" level="INFO">Typing text 'acb123' into text field 'css:input[name=password]'.</msg>
<status status="PASS" starttime="20220714 01:01:18.857" endtime="20220714 01:01:19.269"/>
</kw>
<kw name="Click Element" library="SeleniumLibrary">
<arg>class:btn-login</arg>
<doc>Click the element identified by ``locator``.</doc>
<msg timestamp="20220714 01:01:19.271" level="INFO">Clicking element 'class:btn-login'.</msg>
<status status="PASS" starttime="20220714 01:01:19.270" endtime="20220714 01:01:19.851"/>
</kw>
<status status="PASS" starttime="20220714 01:01:18.718" endtime="20220714 01:01:19.851"/>
</kw>
<kw name="Should Contain Login Alert">
<arg>Senha é invalida!</arg>
<kw name="Get WebElement" library="SeleniumLibrary">
<var>${message}</var>
<arg>id:flash</arg>
<doc>Returns the first WebElement matching the given ``locator``.</doc>
<msg timestamp="20220714 01:01:19.879" level="INFO">${message} = &lt;selenium.webdriver.remote.webelement.WebElement (session="194556b2d48b1a04ea7bbd0d1a41ab4c", element="d1ee4834-1978-49ba-be08-a9cb2f016484")&gt;</msg>
<status status="PASS" starttime="20220714 01:01:19.855" endtime="20220714 01:01:19.879"/>
</kw>
<kw name="Should Contain" library="BuiltIn">
<arg>${message.text}</arg>
<arg>${expect_message}</arg>
<doc>Fails if ``container`` does not contain ``item`` one or more times.</doc>
<status status="PASS" starttime="20220714 01:01:19.880" endtime="20220714 01:01:19.997"/>
</kw>
<status status="PASS" starttime="20220714 01:01:19.853" endtime="20220714 01:01:19.997"/>
</kw>
<kw name="Encerra sessão" library="base" type="TEARDOWN">
<kw name="Capture Page Screenshot" library="SeleniumLibrary">
<doc>Takes a screenshot of the current page and embeds it into a log file.</doc>
<msg timestamp="20220714 01:01:20.151" level="INFO" html="true">&lt;/td&gt;&lt;/tr&gt;&lt;tr&gt;&lt;td colspan="3"&gt;&lt;a href="selenium-screenshot-2.png"&gt;&lt;img src="selenium-screenshot-2.png" width="800px"&gt;&lt;/a&gt;</msg>
<status status="PASS" starttime="20220714 01:01:19.998" endtime="20220714 01:01:20.151"/>
</kw>
<kw name="Close Browser" library="SeleniumLibrary">
<doc>Closes the current browser.</doc>
<status status="PASS" starttime="20220714 01:01:20.151" endtime="20220714 01:01:22.474"/>
</kw>
<status status="PASS" starttime="20220714 01:01:19.998" endtime="20220714 01:01:22.474"/>
</kw>
<tag>login_error</tag>
<status status="PASS" starttime="20220714 01:01:12.568" endtime="20220714 01:01:22.475"/>
</test>
<test id="s1-t3" name="Usuário não existe" line="23">
<kw name="Nova sessão" library="base" type="SETUP">
<kw name="Open Browser" library="SeleniumLibrary">
<arg>${url}</arg>
<arg>chrome</arg>
<doc>Opens a new browser instance to the optional ``url``.</doc>
<msg timestamp="20220714 01:01:22.479" level="INFO">Opening browser 'chrome' to base url 'https://training-wheels-protocol.herokuapp.com/'.</msg>
<status status="PASS" starttime="20220714 01:01:22.478" endtime="20220714 01:01:26.578"/>
</kw>
<status status="PASS" starttime="20220714 01:01:22.478" endtime="20220714 01:01:26.578"/>
</kw>
<kw name="Go To" library="SeleniumLibrary">
<arg>${url}/login</arg>
<doc>Navigates the current browser window to the provided ``url``.</doc>
<msg timestamp="20220714 01:01:26.580" level="INFO">Opening url 'https://training-wheels-protocol.herokuapp.com//login'</msg>
<status status="PASS" starttime="20220714 01:01:26.580" endtime="20220714 01:01:27.161"/>
</kw>
<kw name="Login With">
<arg>papito</arg>
<arg>123456</arg>
<kw name="Input Text" library="SeleniumLibrary">
<arg>css:input[name=username]</arg>
<arg>${uname}</arg>
<doc>Types the given ``text`` into the text field identified by ``locator``.</doc>
<msg timestamp="20220714 01:01:27.165" level="INFO">Typing text 'papito' into text field 'css:input[name=username]'.</msg>
<status status="PASS" starttime="20220714 01:01:27.164" endtime="20220714 01:01:27.352"/>
</kw>
<kw name="Input Text" library="SeleniumLibrary">
<arg>css:input[name=password]</arg>
<arg>${pass}</arg>
<doc>Types the given ``text`` into the text field identified by ``locator``.</doc>
<msg timestamp="20220714 01:01:27.354" level="INFO">Typing text '123456' into text field 'css:input[name=password]'.</msg>
<status status="PASS" starttime="20220714 01:01:27.353" endtime="20220714 01:01:27.478"/>
</kw>
<kw name="Click Element" library="SeleniumLibrary">
<arg>class:btn-login</arg>
<doc>Click the element identified by ``locator``.</doc>
<msg timestamp="20220714 01:01:27.479" level="INFO">Clicking element 'class:btn-login'.</msg>
<status status="PASS" starttime="20220714 01:01:27.478" endtime="20220714 01:01:28.319"/>
</kw>
<status status="PASS" starttime="20220714 01:01:27.162" endtime="20220714 01:01:28.320"/>
</kw>
<kw name="Get WebElement" library="SeleniumLibrary">
<var>${message}</var>
<arg>id:flash</arg>
<doc>Returns the first WebElement matching the given ``locator``.</doc>
<msg timestamp="20220714 01:01:28.482" level="INFO">${message} = &lt;selenium.webdriver.remote.webelement.WebElement (session="8edc387dac228c0866b0a659a1ca2ef3", element="be4b1682-fc26-46f5-9d8a-8759c2475600")&gt;</msg>
<status status="PASS" starttime="20220714 01:01:28.321" endtime="20220714 01:01:28.482"/>
</kw>
<kw name="Should Contain" library="BuiltIn">
<arg>${message.text}</arg>
<arg>O usuário informado não está cadastrado!</arg>
<doc>Fails if ``container`` does not contain ``item`` one or more times.</doc>
<status status="PASS" starttime="20220714 01:01:28.484" endtime="20220714 01:01:28.521"/>
</kw>
<kw name="Encerra sessão" library="base" type="TEARDOWN">
<kw name="Capture Page Screenshot" library="SeleniumLibrary">
<doc>Takes a screenshot of the current page and embeds it into a log file.</doc>
<msg timestamp="20220714 01:01:28.770" level="INFO" html="true">&lt;/td&gt;&lt;/tr&gt;&lt;tr&gt;&lt;td colspan="3"&gt;&lt;a href="selenium-screenshot-3.png"&gt;&lt;img src="selenium-screenshot-3.png" width="800px"&gt;&lt;/a&gt;</msg>
<status status="PASS" starttime="20220714 01:01:28.525" endtime="20220714 01:01:28.770"/>
</kw>
<kw name="Close Browser" library="SeleniumLibrary">
<doc>Closes the current browser.</doc>
<status status="PASS" starttime="20220714 01:01:28.770" endtime="20220714 01:01:31.079"/>
</kw>
<status status="PASS" starttime="20220714 01:01:28.523" endtime="20220714 01:01:31.079"/>
</kw>
<tag>login_user404</tag>
<status status="PASS" starttime="20220714 01:01:22.477" endtime="20220714 01:01:31.080"/>
</test>
<status status="PASS" starttime="20220714 01:00:59.939" endtime="20220714 01:01:31.081"/>
</suite>
<statistics>
<total>
<stat pass="3" fail="0" skip="0">All Tests</stat>
</total>
<tag>
<stat pass="1" fail="0" skip="0">login_error</stat>
<stat pass="1" fail="0" skip="0">login_user404</stat>
</tag>
<suite>
<stat pass="3" fail="0" skip="0" id="s1" name="Login Form">Login Form</stat>
</suite>
</statistics>
<errors>
</errors>
</robot>
