<?xml version="1.0" encoding="UTF-8"?>
<robot generator="Robot 5.0.1 (Python 3.9.13 on win32)" generated="20220713 23:50:07.921" rpa="false" schemaversion="3">
<suite id="s1" name="Login Form" source="H:\Meu Drive\Profissionalização\qAcademy_atividades\QAcademy-Selenium-Com-RobotFramework\aula11_validando_notificacoes\web\tests\login_form.robot">
<test id="s1-t1" name="Login com sucesso" line="8">
<kw name="Nova sessão" library="base" type="SETUP">
<kw name="Open Browser" library="SeleniumLibrary">
<arg>${url}</arg>
<arg>chrome</arg>
<doc>Opens a new browser instance to the optional ``url``.</doc>
<msg timestamp="20220713 23:50:08.193" level="INFO">Opening browser 'chrome' to base url 'https://training-wheels-protocol.herokuapp.com/'.</msg>
<status status="PASS" starttime="20220713 23:50:08.192" endtime="20220713 23:50:12.769"/>
</kw>
<status status="PASS" starttime="20220713 23:50:08.191" endtime="20220713 23:50:12.771"/>
</kw>
<kw name="Go To" library="SeleniumLibrary">
<arg>${url}/login</arg>
<doc>Navigates the current browser window to the provided ``url``.</doc>
<msg timestamp="20220713 23:50:12.776" level="INFO">Opening url 'https://training-wheels-protocol.herokuapp.com//login'</msg>
<status status="PASS" starttime="20220713 23:50:12.772" endtime="20220713 23:50:14.383"/>
</kw>
<kw name="Input Text" library="SeleniumLibrary">
<arg>css:input[name=username]</arg>
<arg>stark</arg>
<doc>Types the given ``text`` into the text field identified by ``locator``.</doc>
<msg timestamp="20220713 23:50:14.384" level="INFO">Typing text 'stark' into text field 'css:input[name=username]'.</msg>
<status status="PASS" starttime="20220713 23:50:14.383" endtime="20220713 23:50:14.544"/>
</kw>
<kw name="Input Text" library="SeleniumLibrary">
<arg>css:input[name=password]</arg>
<arg>jarvis!</arg>
<doc>Types the given ``text`` into the text field identified by ``locator``.</doc>
<msg timestamp="20220713 23:50:14.544" level="INFO">Typing text 'jarvis!' into text field 'css:input[name=password]'.</msg>
<status status="PASS" starttime="20220713 23:50:14.544" endtime="20220713 23:50:14.667"/>
</kw>
<kw name="Click Element" library="SeleniumLibrary">
<arg>class:btn-login</arg>
<doc>Click the element identified by ``locator``.</doc>
<msg timestamp="20220713 23:50:14.668" level="INFO">Clicking element 'class:btn-login'.</msg>
<status status="PASS" starttime="20220713 23:50:14.668" endtime="20220713 23:50:15.251"/>
</kw>
<kw name="Page Should Contain" library="SeleniumLibrary">
<arg>Olá, Tony Stark. Você acessou a área logada!</arg>
<doc>Verifies that current page contains ``text``.</doc>
<msg timestamp="20220713 23:50:15.409" level="INFO">Current page contains text 'Olá, Tony Stark. Você acessou a área logada!'.</msg>
<status status="PASS" starttime="20220713 23:50:15.258" endtime="20220713 23:50:15.409"/>
</kw>
<kw name="Encerra sessão" library="base" type="TEARDOWN">
<kw name="Capture Page Screenshot" library="SeleniumLibrary">
<doc>Takes a screenshot of the current page and embeds it into a log file.</doc>
<msg timestamp="20220713 23:50:15.636" level="INFO" html="true">&lt;/td&gt;&lt;/tr&gt;&lt;tr&gt;&lt;td colspan="3"&gt;&lt;a href="selenium-screenshot-1.png"&gt;&lt;img src="selenium-screenshot-1.png" width="800px"&gt;&lt;/a&gt;</msg>
<status status="PASS" starttime="20220713 23:50:15.411" endtime="20220713 23:50:15.636"/>
</kw>
<kw name="Close Browser" library="SeleniumLibrary">
<doc>Closes the current browser.</doc>
<status status="PASS" starttime="20220713 23:50:15.637" endtime="20220713 23:50:17.906"/>
</kw>
<status status="PASS" starttime="20220713 23:50:15.410" endtime="20220713 23:50:17.906"/>
</kw>
<status status="PASS" starttime="20220713 23:50:08.189" endtime="20220713 23:50:17.907"/>
</test>
<test id="s1-t2" name="Senha inválida" line="16">
<kw name="Nova sessão" library="base" type="SETUP">
<kw name="Open Browser" library="SeleniumLibrary">
<arg>${url}</arg>
<arg>chrome</arg>
<doc>Opens a new browser instance to the optional ``url``.</doc>
<msg timestamp="20220713 23:50:17.910" level="INFO">Opening browser 'chrome' to base url 'https://training-wheels-protocol.herokuapp.com/'.</msg>
<status status="PASS" starttime="20220713 23:50:17.910" endtime="20220713 23:50:22.640"/>
</kw>
<status status="PASS" starttime="20220713 23:50:17.909" endtime="20220713 23:50:22.641"/>
</kw>
<kw name="Go To" library="SeleniumLibrary">
<arg>${url}/login</arg>
<doc>Navigates the current browser window to the provided ``url``.</doc>
<msg timestamp="20220713 23:50:22.642" level="INFO">Opening url 'https://training-wheels-protocol.herokuapp.com//login'</msg>
<status status="PASS" starttime="20220713 23:50:22.641" endtime="20220713 23:50:23.176"/>
</kw>
<kw name="Input Text" library="SeleniumLibrary">
<arg>css:input[name=username]</arg>
<arg>stark</arg>
<doc>Types the given ``text`` into the text field identified by ``locator``.</doc>
<msg timestamp="20220713 23:50:23.178" level="INFO">Typing text 'stark' into text field 'css:input[name=username]'.</msg>
<status status="PASS" starttime="20220713 23:50:23.177" endtime="20220713 23:50:23.335"/>
</kw>
<kw name="Input Text" library="SeleniumLibrary">
<arg>css:input[name=password]</arg>
<arg>acb123</arg>
<doc>Types the given ``text`` into the text field identified by ``locator``.</doc>
<msg timestamp="20220713 23:50:23.336" level="INFO">Typing text 'acb123' into text field 'css:input[name=password]'.</msg>
<status status="PASS" starttime="20220713 23:50:23.335" endtime="20220713 23:50:23.461"/>
</kw>
<kw name="Click Element" library="SeleniumLibrary">
<arg>class:btn-login</arg>
<doc>Click the element identified by ``locator``.</doc>
<msg timestamp="20220713 23:50:23.466" level="INFO">Clicking element 'class:btn-login'.</msg>
<status status="PASS" starttime="20220713 23:50:23.463" endtime="20220713 23:50:24.052"/>
</kw>
<kw name="Get WebElement" library="SeleniumLibrary">
<var>${message}</var>
<arg>id:flash</arg>
<doc>Returns the first WebElement matching the given ``locator``.</doc>
<msg timestamp="20220713 23:50:24.087" level="INFO">${message} = &lt;selenium.webdriver.remote.webelement.WebElement (session="6e86da523e5c4fc928adc21d0cdefe7b", element="98b65e01-744e-4d3e-85ac-9fc95333b890")&gt;</msg>
<status status="PASS" starttime="20220713 23:50:24.053" endtime="20220713 23:50:24.087"/>
</kw>
<kw name="Should Contain" library="BuiltIn">
<arg>${message.text}</arg>
<arg>Senha é invalida!</arg>
<doc>Fails if ``container`` does not contain ``item`` one or more times.</doc>
<status status="PASS" starttime="20220713 23:50:24.088" endtime="20220713 23:50:24.218"/>
</kw>
<kw name="Encerra sessão" library="base" type="TEARDOWN">
<kw name="Capture Page Screenshot" library="SeleniumLibrary">
<doc>Takes a screenshot of the current page and embeds it into a log file.</doc>
<msg timestamp="20220713 23:50:24.452" level="INFO" html="true">&lt;/td&gt;&lt;/tr&gt;&lt;tr&gt;&lt;td colspan="3"&gt;&lt;a href="selenium-screenshot-2.png"&gt;&lt;img src="selenium-screenshot-2.png" width="800px"&gt;&lt;/a&gt;</msg>
<status status="PASS" starttime="20220713 23:50:24.219" endtime="20220713 23:50:24.452"/>
</kw>
<kw name="Close Browser" library="SeleniumLibrary">
<doc>Closes the current browser.</doc>
<status status="PASS" starttime="20220713 23:50:24.452" endtime="20220713 23:50:26.769"/>
</kw>
<status status="PASS" starttime="20220713 23:50:24.219" endtime="20220713 23:50:26.770"/>
</kw>
<tag>login_error</tag>
<status status="PASS" starttime="20220713 23:50:17.909" endtime="20220713 23:50:26.771"/>
</test>
<test id="s1-t3" name="Usuário não existe" line="26">
<kw name="Nova sessão" library="base" type="SETUP">
<kw name="Open Browser" library="SeleniumLibrary">
<arg>${url}</arg>
<arg>chrome</arg>
<doc>Opens a new browser instance to the optional ``url``.</doc>
<msg timestamp="20220713 23:50:26.776" level="INFO">Opening browser 'chrome' to base url 'https://training-wheels-protocol.herokuapp.com/'.</msg>
<status status="PASS" starttime="20220713 23:50:26.775" endtime="20220713 23:50:31.523"/>
</kw>
<status status="PASS" starttime="20220713 23:50:26.774" endtime="20220713 23:50:31.523"/>
</kw>
<kw name="Go To" library="SeleniumLibrary">
<arg>${url}/login</arg>
<doc>Navigates the current browser window to the provided ``url``.</doc>
<msg timestamp="20220713 23:50:31.525" level="INFO">Opening url 'https://training-wheels-protocol.herokuapp.com//login'</msg>
<status status="PASS" starttime="20220713 23:50:31.524" endtime="20220713 23:50:32.024"/>
</kw>
<kw name="Input Text" library="SeleniumLibrary">
<arg>css:input[name=username]</arg>
<arg>papito</arg>
<doc>Types the given ``text`` into the text field identified by ``locator``.</doc>
<msg timestamp="20220713 23:50:32.025" level="INFO">Typing text 'papito' into text field 'css:input[name=username]'.</msg>
<status status="PASS" starttime="20220713 23:50:32.025" endtime="20220713 23:50:32.143"/>
</kw>
<kw name="Input Text" library="SeleniumLibrary">
<arg>css:input[name=password]</arg>
<arg>123456</arg>
<doc>Types the given ``text`` into the text field identified by ``locator``.</doc>
<msg timestamp="20220713 23:50:32.144" level="INFO">Typing text '123456' into text field 'css:input[name=password]'.</msg>
<status status="PASS" starttime="20220713 23:50:32.143" endtime="20220713 23:50:32.243"/>
</kw>
<kw name="Click Element" library="SeleniumLibrary">
<arg>class:btn-login</arg>
<doc>Click the element identified by ``locator``.</doc>
<msg timestamp="20220713 23:50:32.244" level="INFO">Clicking element 'class:btn-login'.</msg>
<status status="PASS" starttime="20220713 23:50:32.244" endtime="20220713 23:50:32.764"/>
</kw>
<kw name="Get WebElement" library="SeleniumLibrary">
<var>${message}</var>
<arg>id:flash</arg>
<doc>Returns the first WebElement matching the given ``locator``.</doc>
<msg timestamp="20220713 23:50:32.785" level="INFO">${message} = &lt;selenium.webdriver.remote.webelement.WebElement (session="46a63da9f6380fdf05d5872f57875729", element="cffb9862-4429-4808-b02f-2c8c3c2e989a")&gt;</msg>
<status status="PASS" starttime="20220713 23:50:32.766" endtime="20220713 23:50:32.786"/>
</kw>
<kw name="Should Contain" library="BuiltIn">
<arg>${message.text}</arg>
<arg>O usuário informado não está cadastrado!</arg>
<doc>Fails if ``container`` does not contain ``item`` one or more times.</doc>
<status status="PASS" starttime="20220713 23:50:32.789" endtime="20220713 23:50:32.888"/>
</kw>
<kw name="Encerra sessão" library="base" type="TEARDOWN">
<kw name="Capture Page Screenshot" library="SeleniumLibrary">
<doc>Takes a screenshot of the current page and embeds it into a log file.</doc>
<msg timestamp="20220713 23:50:33.067" level="INFO" html="true">&lt;/td&gt;&lt;/tr&gt;&lt;tr&gt;&lt;td colspan="3"&gt;&lt;a href="selenium-screenshot-3.png"&gt;&lt;img src="selenium-screenshot-3.png" width="800px"&gt;&lt;/a&gt;</msg>
<status status="PASS" starttime="20220713 23:50:32.890" endtime="20220713 23:50:33.067"/>
</kw>
<kw name="Close Browser" library="SeleniumLibrary">
<doc>Closes the current browser.</doc>
<status status="PASS" starttime="20220713 23:50:33.067" endtime="20220713 23:50:35.337"/>
</kw>
<status status="PASS" starttime="20220713 23:50:32.889" endtime="20220713 23:50:35.337"/>
</kw>
<tag>login_</tag>
<status status="PASS" starttime="20220713 23:50:26.773" endtime="20220713 23:50:35.338"/>
</test>
<status status="PASS" starttime="20220713 23:50:07.927" endtime="20220713 23:50:35.340"/>
</suite>
<statistics>
<total>
<stat pass="3" fail="0" skip="0">All Tests</stat>
</total>
<tag>
<stat pass="1" fail="0" skip="0">login_</stat>
<stat pass="1" fail="0" skip="0">login_error</stat>
</tag>
<suite>
<stat pass="3" fail="0" skip="0" id="s1" name="Login Form">Login Form</stat>
</suite>
</statistics>
<errors>
</errors>
</robot>
