<?xml version="1.0" encoding="UTF-8"?>
<robot generator="Robot 5.0.1 (Python 3.9.13 on win32)" generated="20220706 13:39:44.512" rpa="false" schemaversion="3">
<suite id="s1" name="Radio" source="H:\Meu Drive\Profissionalização\qAcademy_atividades\curso_robot_framework_e_selenium\aula07_radio_buttons\web\tests\radio.robot">
<test id="s1-t1" name="Selecionando por Id" line="10">
<kw name="Nova sessão" library="base" type="SETUP">
<kw name="Open Browser" library="SeleniumLibrary">
<arg>${url}</arg>
<arg>chrome</arg>
<doc>Opens a new browser instance to the optional ``url``.</doc>
<msg timestamp="20220706 13:39:44.758" level="INFO">Opening browser 'chrome' to base url 'https://training-wheels-protocol.herokuapp.com/'.</msg>
<status status="PASS" starttime="20220706 13:39:44.758" endtime="20220706 13:39:48.847"/>
</kw>
<status status="PASS" starttime="20220706 13:39:44.757" endtime="20220706 13:39:48.847"/>
</kw>
<kw name="Go To" library="SeleniumLibrary">
<arg>${url}/radios</arg>
<doc>Navigates the current browser window to the provided ``url``.</doc>
<msg timestamp="20220706 13:39:48.849" level="INFO">Opening url 'https://training-wheels-protocol.herokuapp.com//radios'</msg>
<status status="PASS" starttime="20220706 13:39:48.848" endtime="20220706 13:39:49.706"/>
</kw>
<kw name="Select Radio Button" library="SeleniumLibrary">
<arg>movies</arg>
<arg>cap</arg>
<doc>Sets the radio button group ``group_name`` to ``value``.</doc>
<msg timestamp="20220706 13:39:49.707" level="INFO">Selecting 'cap' from radio button 'movies'.</msg>
<status status="PASS" starttime="20220706 13:39:49.706" endtime="20220706 13:39:49.960"/>
</kw>
<kw name="Radio Button Should Be Set To" library="SeleniumLibrary">
<arg>movies</arg>
<arg>cap</arg>
<doc>Verifies radio button group ``group_name`` is set to ``value``.</doc>
<msg timestamp="20220706 13:39:49.961" level="INFO">Verifying radio button 'movies' has selection 'cap'.</msg>
<status status="PASS" starttime="20220706 13:39:49.961" endtime="20220706 13:39:50.030"/>
</kw>
<kw name="Encerra sessão" library="base" type="TEARDOWN">
<kw name="Capture Page Screenshot" library="SeleniumLibrary">
<doc>Takes a screenshot of the current page and embeds it into a log file.</doc>
<msg timestamp="20220706 13:39:50.225" level="INFO" html="true">&lt;/td&gt;&lt;/tr&gt;&lt;tr&gt;&lt;td colspan="3"&gt;&lt;a href="selenium-screenshot-2.png"&gt;&lt;img src="selenium-screenshot-2.png" width="800px"&gt;&lt;/a&gt;</msg>
<status status="PASS" starttime="20220706 13:39:50.031" endtime="20220706 13:39:50.225"/>
</kw>
<kw name="Close Browser" library="SeleniumLibrary">
<doc>Closes the current browser.</doc>
<status status="PASS" starttime="20220706 13:39:50.226" endtime="20220706 13:39:52.437"/>
</kw>
<status status="PASS" starttime="20220706 13:39:50.031" endtime="20220706 13:39:52.437"/>
</kw>
<status status="PASS" starttime="20220706 13:39:44.756" endtime="20220706 13:39:52.438"/>
</test>
<test id="s1-t2" name="Selecionando por Value" line="17">
<kw name="Nova sessão" library="base" type="SETUP">
<kw name="Open Browser" library="SeleniumLibrary">
<arg>${url}</arg>
<arg>chrome</arg>
<doc>Opens a new browser instance to the optional ``url``.</doc>
<msg timestamp="20220706 13:39:52.442" level="INFO">Opening browser 'chrome' to base url 'https://training-wheels-protocol.herokuapp.com/'.</msg>
<status status="PASS" starttime="20220706 13:39:52.442" endtime="20220706 13:39:58.173"/>
</kw>
<status status="PASS" starttime="20220706 13:39:52.441" endtime="20220706 13:39:58.173"/>
</kw>
<kw name="Go To" library="SeleniumLibrary">
<arg>${url}/radios</arg>
<doc>Navigates the current browser window to the provided ``url``.</doc>
<msg timestamp="20220706 13:39:58.175" level="INFO">Opening url 'https://training-wheels-protocol.herokuapp.com//radios'</msg>
<status status="PASS" starttime="20220706 13:39:58.174" endtime="20220706 13:39:59.060"/>
</kw>
<kw name="Select Radio Button" library="SeleniumLibrary">
<arg>movies</arg>
<arg>guardians</arg>
<doc>Sets the radio button group ``group_name`` to ``value``.</doc>
<msg timestamp="20220706 13:39:59.061" level="INFO">Selecting 'guardians' from radio button 'movies'.</msg>
<status status="PASS" starttime="20220706 13:39:59.061" endtime="20220706 13:39:59.213"/>
</kw>
<kw name="Radio Button Should Be Set To" library="SeleniumLibrary">
<arg>movies</arg>
<arg>guardians</arg>
<doc>Verifies radio button group ``group_name`` is set to ``value``.</doc>
<msg timestamp="20220706 13:39:59.214" level="INFO">Verifying radio button 'movies' has selection 'guardians'.</msg>
<status status="PASS" starttime="20220706 13:39:59.214" endtime="20220706 13:39:59.415"/>
</kw>
<kw name="Encerra sessão" library="base" type="TEARDOWN">
<kw name="Capture Page Screenshot" library="SeleniumLibrary">
<doc>Takes a screenshot of the current page and embeds it into a log file.</doc>
<msg timestamp="20220706 13:39:59.619" level="INFO" html="true">&lt;/td&gt;&lt;/tr&gt;&lt;tr&gt;&lt;td colspan="3"&gt;&lt;a href="selenium-screenshot-3.png"&gt;&lt;img src="selenium-screenshot-3.png" width="800px"&gt;&lt;/a&gt;</msg>
<status status="PASS" starttime="20220706 13:39:59.416" endtime="20220706 13:39:59.619"/>
</kw>
<kw name="Close Browser" library="SeleniumLibrary">
<doc>Closes the current browser.</doc>
<status status="PASS" starttime="20220706 13:39:59.619" endtime="20220706 13:40:01.909"/>
</kw>
<status status="PASS" starttime="20220706 13:39:59.416" endtime="20220706 13:40:01.909"/>
</kw>
<status status="PASS" starttime="20220706 13:39:52.440" endtime="20220706 13:40:01.911"/>
</test>
<status status="PASS" starttime="20220706 13:39:44.518" endtime="20220706 13:40:01.913"/>
</suite>
<statistics>
<total>
<stat pass="2" fail="0" skip="0">All Tests</stat>
</total>
<tag>
</tag>
<suite>
<stat pass="2" fail="0" skip="0" id="s1" name="Radio">Radio</stat>
</suite>
</statistics>
<errors>
</errors>
</robot>
