<?xml version="1.0" encoding="UTF-8"?>
<robot generator="Robot 5.0.1 (Python 3.9.13 on win32)" generated="20220704 17:22:33.185" rpa="false" schemaversion="3">
<suite id="s1" name="Checkbox" source="H:\Meu Drive\Profissionalização\qAcademy_atividades\curso_robot_framework_e_selenium\aula03_organizando_outputs\web\checkbox.robot">
<test id="s1-t1" name="Marcando opção com Id" line="11">
<kw name="Open Browser" library="SeleniumLibrary">
<arg>${url}</arg>
<arg>chrome</arg>
<doc>Opens a new browser instance to the optional ``url``.</doc>
<msg timestamp="20220704 17:22:33.420" level="INFO">Opening browser 'chrome' to base url 'https://training-wheels-protocol.herokuapp.com/'.</msg>
<status status="PASS" starttime="20220704 17:22:33.420" endtime="20220704 17:22:38.032"/>
</kw>
<kw name="Go To" library="SeleniumLibrary">
<arg>${url}/checkboxes</arg>
<doc>Navigates the current browser window to the provided ``url``.</doc>
<msg timestamp="20220704 17:22:38.033" level="INFO">Opening url 'https://training-wheels-protocol.herokuapp.com//checkboxes'</msg>
<status status="PASS" starttime="20220704 17:22:38.032" endtime="20220704 17:22:38.552"/>
</kw>
<kw name="Select Checkbox" library="SeleniumLibrary">
<arg>${check_thor}</arg>
<doc>Selects the checkbox identified by ``locator``.</doc>
<msg timestamp="20220704 17:22:38.559" level="INFO">Selecting checkbox 'id:thor'.</msg>
<status status="PASS" starttime="20220704 17:22:38.557" endtime="20220704 17:22:38.748"/>
</kw>
<kw name="Checkbox Should Be Selected" library="SeleniumLibrary">
<arg>${check_thor}</arg>
<doc>Verifies checkbox ``locator`` is selected/checked.</doc>
<msg timestamp="20220704 17:22:38.750" level="INFO">Verifying checkbox 'id:thor' is selected.</msg>
<status status="PASS" starttime="20220704 17:22:38.749" endtime="20220704 17:22:38.791"/>
</kw>
<kw name="Close Browser" library="SeleniumLibrary">
<doc>Closes the current browser.</doc>
<status status="PASS" starttime="20220704 17:22:38.792" endtime="20220704 17:22:41.095"/>
</kw>
<status status="PASS" starttime="20220704 17:22:33.419" endtime="20220704 17:22:41.096"/>
</test>
<test id="s1-t2" name="Marcando opção com CSS Selector" line="18">
<kw name="Open Browser" library="SeleniumLibrary">
<arg>${url}</arg>
<arg>chrome</arg>
<doc>Opens a new browser instance to the optional ``url``.</doc>
<msg timestamp="20220704 17:22:41.099" level="INFO">Opening browser 'chrome' to base url 'https://training-wheels-protocol.herokuapp.com/'.</msg>
<status status="PASS" starttime="20220704 17:22:41.098" endtime="20220704 17:22:45.990"/>
</kw>
<kw name="Go To" library="SeleniumLibrary">
<arg>${url}/checkboxes</arg>
<doc>Navigates the current browser window to the provided ``url``.</doc>
<msg timestamp="20220704 17:22:45.991" level="INFO">Opening url 'https://training-wheels-protocol.herokuapp.com//checkboxes'</msg>
<status status="PASS" starttime="20220704 17:22:45.991" endtime="20220704 17:22:46.323"/>
</kw>
<kw name="Select Checkbox" library="SeleniumLibrary">
<arg>${check_iron}</arg>
<doc>Selects the checkbox identified by ``locator``.</doc>
<msg timestamp="20220704 17:22:46.324" level="INFO">Selecting checkbox 'css:input[value='iron-man']'.</msg>
<status status="PASS" starttime="20220704 17:22:46.324" endtime="20220704 17:22:46.558"/>
</kw>
<kw name="Checkbox Should Be Selected" library="SeleniumLibrary">
<arg>${check_iron}</arg>
<doc>Verifies checkbox ``locator`` is selected/checked.</doc>
<msg timestamp="20220704 17:22:46.559" level="INFO">Verifying checkbox 'css:input[value='iron-man']' is selected.</msg>
<status status="PASS" starttime="20220704 17:22:46.559" endtime="20220704 17:22:46.601"/>
</kw>
<kw name="Close Browser" library="SeleniumLibrary">
<doc>Closes the current browser.</doc>
<status status="PASS" starttime="20220704 17:22:46.604" endtime="20220704 17:22:48.946"/>
</kw>
<status status="PASS" starttime="20220704 17:22:41.098" endtime="20220704 17:22:48.947"/>
</test>
<test id="s1-t3" name="Marcando opção com Xpath" line="25">
<kw name="Open Browser" library="SeleniumLibrary">
<arg>${url}</arg>
<arg>chrome</arg>
<doc>Opens a new browser instance to the optional ``url``.</doc>
<msg timestamp="20220704 17:22:48.950" level="INFO">Opening browser 'chrome' to base url 'https://training-wheels-protocol.herokuapp.com/'.</msg>
<status status="PASS" starttime="20220704 17:22:48.950" endtime="20220704 17:22:53.736"/>
</kw>
<kw name="Go To" library="SeleniumLibrary">
<arg>${url}/checkboxes</arg>
<doc>Navigates the current browser window to the provided ``url``.</doc>
<msg timestamp="20220704 17:22:53.737" level="INFO">Opening url 'https://training-wheels-protocol.herokuapp.com//checkboxes'</msg>
<status status="PASS" starttime="20220704 17:22:53.737" endtime="20220704 17:22:54.083"/>
</kw>
<kw name="Select Checkbox" library="SeleniumLibrary">
<arg>${check_panther}</arg>
<doc>Selects the checkbox identified by ``locator``.</doc>
<msg timestamp="20220704 17:22:54.087" level="INFO">Selecting checkbox 'xpath://*[@id='checkboxes']/input[7]'.</msg>
<status status="PASS" starttime="20220704 17:22:54.086" endtime="20220704 17:22:54.314"/>
</kw>
<kw name="Checkbox Should Be Selected" library="SeleniumLibrary">
<arg>${check_panther}</arg>
<doc>Verifies checkbox ``locator`` is selected/checked.</doc>
<msg timestamp="20220704 17:22:54.315" level="INFO">Verifying checkbox 'xpath://*[@id='checkboxes']/input[7]' is selected.</msg>
<status status="PASS" starttime="20220704 17:22:54.315" endtime="20220704 17:22:54.364"/>
</kw>
<kw name="Close Browser" library="SeleniumLibrary">
<doc>Closes the current browser.</doc>
<status status="PASS" starttime="20220704 17:22:54.366" endtime="20220704 17:22:56.623"/>
</kw>
<tag>ironman</tag>
<status status="PASS" starttime="20220704 17:22:48.949" endtime="20220704 17:22:56.624"/>
</test>
<status status="PASS" starttime="20220704 17:22:33.189" endtime="20220704 17:22:56.626"/>
</suite>
<statistics>
<total>
<stat pass="3" fail="0" skip="0">All Tests</stat>
</total>
<tag>
<stat pass="1" fail="0" skip="0">ironman</stat>
</tag>
<suite>
<stat pass="3" fail="0" skip="0" id="s1" name="Checkbox">Checkbox</stat>
</suite>
</statistics>
<errors>
</errors>
</robot>
