<?xml version="1.0" encoding="UTF-8"?>
<robot generator="Robot 5.0.1 (Python 3.9.13 on win32)" generated="20220704 17:36:21.567" rpa="false" schemaversion="3">
<suite id="s1" name="Checkbox" source="H:\Meu Drive\Profissionalização\qAcademy_atividades\curso_robot_framework_e_selenium\aula04_manipulando_checkbox\web\checkbox.robot">
<test id="s1-t1" name="Marcando opção com Id" line="14">
<kw name="Nova sessão" type="SETUP">
<kw name="Open Browser" library="SeleniumLibrary">
<arg>${url}</arg>
<arg>chrome</arg>
<doc>Opens a new browser instance to the optional ``url``.</doc>
<msg timestamp="20220704 17:36:21.796" level="INFO">Opening browser 'chrome' to base url 'https://training-wheels-protocol.herokuapp.com/'.</msg>
<status status="PASS" starttime="20220704 17:36:21.795" endtime="20220704 17:36:25.742"/>
</kw>
<status status="PASS" starttime="20220704 17:36:21.795" endtime="20220704 17:36:25.742"/>
</kw>
<kw name="Open Browser" library="SeleniumLibrary">
<arg>${url}</arg>
<arg>chrome</arg>
<doc>Opens a new browser instance to the optional ``url``.</doc>
<msg timestamp="20220704 17:36:25.744" level="INFO">Opening browser 'chrome' to base url 'https://training-wheels-protocol.herokuapp.com/'.</msg>
<status status="PASS" starttime="20220704 17:36:25.743" endtime="20220704 17:36:33.136"/>
</kw>
<kw name="Go To" library="SeleniumLibrary">
<arg>${url}/checkboxes</arg>
<doc>Navigates the current browser window to the provided ``url``.</doc>
<msg timestamp="20220704 17:36:33.138" level="INFO">Opening url 'https://training-wheels-protocol.herokuapp.com//checkboxes'</msg>
<status status="PASS" starttime="20220704 17:36:33.137" endtime="20220704 17:36:33.548"/>
</kw>
<kw name="Select Checkbox" library="SeleniumLibrary">
<arg>${check_thor}</arg>
<doc>Selects the checkbox identified by ``locator``.</doc>
<msg timestamp="20220704 17:36:33.549" level="INFO">Selecting checkbox 'id:thor'.</msg>
<status status="PASS" starttime="20220704 17:36:33.548" endtime="20220704 17:36:33.933"/>
</kw>
<kw name="Checkbox Should Be Selected" library="SeleniumLibrary">
<arg>${check_thor}</arg>
<doc>Verifies checkbox ``locator`` is selected/checked.</doc>
<msg timestamp="20220704 17:36:33.935" level="INFO">Verifying checkbox 'id:thor' is selected.</msg>
<status status="PASS" starttime="20220704 17:36:33.935" endtime="20220704 17:36:34.003"/>
</kw>
<kw name="Encerra sessão" type="TEARDOWN">
<kw name="Close Browser" library="SeleniumLibrary">
<doc>Closes the current browser.</doc>
<status status="PASS" starttime="20220704 17:36:34.005" endtime="20220704 17:36:36.235"/>
</kw>
<status status="PASS" starttime="20220704 17:36:34.004" endtime="20220704 17:36:36.235"/>
</kw>
<status status="PASS" starttime="20220704 17:36:21.794" endtime="20220704 17:36:36.235"/>
</test>
<test id="s1-t2" name="Marcando opção com CSS Selector" line="20">
<kw name="Nova sessão" type="SETUP">
<kw name="Open Browser" library="SeleniumLibrary">
<arg>${url}</arg>
<arg>chrome</arg>
<doc>Opens a new browser instance to the optional ``url``.</doc>
<msg timestamp="20220704 17:36:36.241" level="INFO">Opening browser 'chrome' to base url 'https://training-wheels-protocol.herokuapp.com/'.</msg>
<status status="PASS" starttime="20220704 17:36:36.240" endtime="20220704 17:36:40.331"/>
</kw>
<status status="PASS" starttime="20220704 17:36:36.239" endtime="20220704 17:36:40.331"/>
</kw>
<kw name="Open Browser" library="SeleniumLibrary">
<arg>${url}</arg>
<arg>chrome</arg>
<doc>Opens a new browser instance to the optional ``url``.</doc>
<msg timestamp="20220704 17:36:40.333" level="INFO">Opening browser 'chrome' to base url 'https://training-wheels-protocol.herokuapp.com/'.</msg>
<status status="PASS" starttime="20220704 17:36:40.332" endtime="20220704 17:36:45.044"/>
</kw>
<kw name="Go To" library="SeleniumLibrary">
<arg>${url}/checkboxes</arg>
<doc>Navigates the current browser window to the provided ``url``.</doc>
<msg timestamp="20220704 17:36:45.045" level="INFO">Opening url 'https://training-wheels-protocol.herokuapp.com//checkboxes'</msg>
<status status="PASS" starttime="20220704 17:36:45.045" endtime="20220704 17:36:45.469"/>
</kw>
<kw name="Select Checkbox" library="SeleniumLibrary">
<arg>${check_iron}</arg>
<doc>Selects the checkbox identified by ``locator``.</doc>
<msg timestamp="20220704 17:36:45.471" level="INFO">Selecting checkbox 'css:input[value='iron-man']'.</msg>
<status status="PASS" starttime="20220704 17:36:45.470" endtime="20220704 17:36:45.716"/>
</kw>
<kw name="Checkbox Should Be Selected" library="SeleniumLibrary">
<arg>${check_iron}</arg>
<doc>Verifies checkbox ``locator`` is selected/checked.</doc>
<msg timestamp="20220704 17:36:45.719" level="INFO">Verifying checkbox 'css:input[value='iron-man']' is selected.</msg>
<status status="PASS" starttime="20220704 17:36:45.718" endtime="20220704 17:36:45.762"/>
</kw>
<kw name="Encerra sessão" type="TEARDOWN">
<kw name="Close Browser" library="SeleniumLibrary">
<doc>Closes the current browser.</doc>
<status status="PASS" starttime="20220704 17:36:45.764" endtime="20220704 17:36:48.005"/>
</kw>
<status status="PASS" starttime="20220704 17:36:45.763" endtime="20220704 17:36:48.005"/>
</kw>
<status status="PASS" starttime="20220704 17:36:36.238" endtime="20220704 17:36:48.006"/>
</test>
<test id="s1-t3" name="Marcando opção com Xpath" line="26">
<kw name="Nova sessão" type="SETUP">
<kw name="Open Browser" library="SeleniumLibrary">
<arg>${url}</arg>
<arg>chrome</arg>
<doc>Opens a new browser instance to the optional ``url``.</doc>
<msg timestamp="20220704 17:36:48.011" level="INFO">Opening browser 'chrome' to base url 'https://training-wheels-protocol.herokuapp.com/'.</msg>
<status status="PASS" starttime="20220704 17:36:48.010" endtime="20220704 17:36:53.818"/>
</kw>
<status status="PASS" starttime="20220704 17:36:48.010" endtime="20220704 17:36:53.818"/>
</kw>
<kw name="Open Browser" library="SeleniumLibrary">
<arg>${url}</arg>
<arg>chrome</arg>
<doc>Opens a new browser instance to the optional ``url``.</doc>
<msg timestamp="20220704 17:36:53.819" level="INFO">Opening browser 'chrome' to base url 'https://training-wheels-protocol.herokuapp.com/'.</msg>
<status status="PASS" starttime="20220704 17:36:53.819" endtime="20220704 17:37:05.240"/>
</kw>
<kw name="Go To" library="SeleniumLibrary">
<arg>${url}/checkboxes</arg>
<doc>Navigates the current browser window to the provided ``url``.</doc>
<msg timestamp="20220704 17:37:05.241" level="INFO">Opening url 'https://training-wheels-protocol.herokuapp.com//checkboxes'</msg>
<status status="PASS" starttime="20220704 17:37:05.241" endtime="20220704 17:37:05.633"/>
</kw>
<kw name="Select Checkbox" library="SeleniumLibrary">
<arg>${check_panther}</arg>
<doc>Selects the checkbox identified by ``locator``.</doc>
<msg timestamp="20220704 17:37:05.635" level="INFO">Selecting checkbox 'xpath://*[@id='checkboxes']/input[7]'.</msg>
<status status="PASS" starttime="20220704 17:37:05.634" endtime="20220704 17:37:05.852"/>
</kw>
<kw name="Checkbox Should Be Selected" library="SeleniumLibrary">
<arg>${check_panther}</arg>
<doc>Verifies checkbox ``locator`` is selected/checked.</doc>
<msg timestamp="20220704 17:37:05.853" level="INFO">Verifying checkbox 'xpath://*[@id='checkboxes']/input[7]' is selected.</msg>
<status status="PASS" starttime="20220704 17:37:05.853" endtime="20220704 17:37:05.908"/>
</kw>
<kw name="Encerra sessão" type="TEARDOWN">
<kw name="Close Browser" library="SeleniumLibrary">
<doc>Closes the current browser.</doc>
<status status="PASS" starttime="20220704 17:37:05.909" endtime="20220704 17:37:08.116"/>
</kw>
<status status="PASS" starttime="20220704 17:37:05.909" endtime="20220704 17:37:08.116"/>
</kw>
<tag>ironman</tag>
<status status="PASS" starttime="20220704 17:36:48.008" endtime="20220704 17:37:08.116"/>
</test>
<status status="PASS" starttime="20220704 17:36:21.572" endtime="20220704 17:37:08.120"/>
</suite>
<statistics>
<total>
<stat pass="3" fail="0" skip="0">All Tests</stat>
</total>
<tag>
<stat pass="1" fail="0" skip="0">ironman</stat>
</tag>
<suite>
<stat pass="3" fail="0" skip="0" id="s1" name="Checkbox">Checkbox</stat>
</suite>
</statistics>
<errors>
</errors>
</robot>
