<?xml version="1.0" encoding="UTF-8"?>
<robot generator="Robot 5.0.1 (Python 3.9.13 on win32)" generated="20220708 23:33:37.765" rpa="false" schemaversion="3">
<suite id="s1" name="Tables" source="H:\Meu Drive\Profissionalização\qAcademy_atividades\curso_robot_framework_e_selenium\aula09_validando_registros_em_tabelas\web\tests\tables.robot">
<test id="s1-t1" name="Verifica o valor ao informar o número da linha" line="8">
<kw name="Nova sessão" library="base" type="SETUP">
<kw name="Open Browser" library="SeleniumLibrary">
<arg>${url}</arg>
<arg>chrome</arg>
<doc>Opens a new browser instance to the optional ``url``.</doc>
<msg timestamp="20220708 23:33:38.013" level="INFO">Opening browser 'chrome' to base url 'https://training-wheels-protocol.herokuapp.com/'.</msg>
<status status="PASS" starttime="20220708 23:33:38.013" endtime="20220708 23:33:41.646"/>
</kw>
<status status="PASS" starttime="20220708 23:33:38.012" endtime="20220708 23:33:41.647"/>
</kw>
<kw name="Go To" library="SeleniumLibrary">
<arg>${url}/tables</arg>
<doc>Navigates the current browser window to the provided ``url``.</doc>
<msg timestamp="20220708 23:33:41.648" level="INFO">Opening url 'https://training-wheels-protocol.herokuapp.com//tables'</msg>
<status status="PASS" starttime="20220708 23:33:41.648" endtime="20220708 23:33:42.103"/>
</kw>
<kw name="Table Row Should Contain" library="SeleniumLibrary">
<arg>id:actors</arg>
<arg>2</arg>
<arg>@vindiesel</arg>
<doc>Verifies that table row contains text ``expected``.</doc>
<status status="PASS" starttime="20220708 23:33:42.104" endtime="20220708 23:33:42.155"/>
</kw>
<kw name="Encerra sessão" library="base" type="TEARDOWN">
<kw name="Capture Page Screenshot" library="SeleniumLibrary">
<doc>Takes a screenshot of the current page and embeds it into a log file.</doc>
<msg timestamp="20220708 23:33:42.355" level="INFO" html="true">&lt;/td&gt;&lt;/tr&gt;&lt;tr&gt;&lt;td colspan="3"&gt;&lt;a href="selenium-screenshot-1.png"&gt;&lt;img src="selenium-screenshot-1.png" width="800px"&gt;&lt;/a&gt;</msg>
<status status="PASS" starttime="20220708 23:33:42.156" endtime="20220708 23:33:42.355"/>
</kw>
<kw name="Close Browser" library="SeleniumLibrary">
<doc>Closes the current browser.</doc>
<status status="PASS" starttime="20220708 23:33:42.355" endtime="20220708 23:33:44.616"/>
</kw>
<status status="PASS" starttime="20220708 23:33:42.156" endtime="20220708 23:33:44.616"/>
</kw>
<status status="PASS" starttime="20220708 23:33:38.011" endtime="20220708 23:33:44.617"/>
</test>
<test id="s1-t2" name="Descobre a linha pelo texto-chave e valida os demais valores" line="12">
<kw name="Nova sessão" library="base" type="SETUP">
<kw name="Open Browser" library="SeleniumLibrary">
<arg>${url}</arg>
<arg>chrome</arg>
<doc>Opens a new browser instance to the optional ``url``.</doc>
<msg timestamp="20220708 23:33:44.620" level="INFO">Opening browser 'chrome' to base url 'https://training-wheels-protocol.herokuapp.com/'.</msg>
<status status="PASS" starttime="20220708 23:33:44.620" endtime="20220708 23:33:48.463"/>
</kw>
<status status="PASS" starttime="20220708 23:33:44.619" endtime="20220708 23:33:48.463"/>
</kw>
<kw name="Go To" library="SeleniumLibrary">
<arg>${url}/tables</arg>
<doc>Navigates the current browser window to the provided ``url``.</doc>
<msg timestamp="20220708 23:33:48.464" level="INFO">Opening url 'https://training-wheels-protocol.herokuapp.com//tables'</msg>
<status status="PASS" starttime="20220708 23:33:48.464" endtime="20220708 23:33:48.990"/>
</kw>
<kw name="Get WebElement" library="SeleniumLibrary">
<var>${target}</var>
<arg>xpath:.//tr[contains(.,'@chadwickboseman')]</arg>
<doc>Returns the first WebElement matching the given ``locator``.</doc>
<msg timestamp="20220708 23:33:49.011" level="INFO">${target} = &lt;selenium.webdriver.remote.webelement.WebElement (session="b6db8f6012a9db3d5169ba3ac52838cd", element="95747c57-a0cf-46c0-92de-c5629075d0cf")&gt;</msg>
<status status="PASS" starttime="20220708 23:33:48.990" endtime="20220708 23:33:49.011"/>
</kw>
<kw name="Log" library="BuiltIn">
<arg>${target.text}</arg>
<doc>Logs the given message with the given level.</doc>
<msg timestamp="20220708 23:33:49.030" level="INFO">Chadwick Boseman Pantera Negra Vingadores $ 700.000 @chadwickboseman edit delete</msg>
<status status="PASS" starttime="20220708 23:33:49.012" endtime="20220708 23:33:49.030"/>
</kw>
<kw name="Should Contain" library="BuiltIn">
<arg>${target.text}</arg>
<arg>$ 700.00</arg>
<doc>Fails if ``container`` does not contain ``item`` one or more times.</doc>
<status status="PASS" starttime="20220708 23:33:49.031" endtime="20220708 23:33:49.044"/>
</kw>
<kw name="Should Contain" library="BuiltIn">
<arg>${target.text}</arg>
<arg>Pantera Negra</arg>
<doc>Fails if ``container`` does not contain ``item`` one or more times.</doc>
<status status="PASS" starttime="20220708 23:33:49.046" endtime="20220708 23:33:49.058"/>
</kw>
<kw name="Encerra sessão" library="base" type="TEARDOWN">
<kw name="Capture Page Screenshot" library="SeleniumLibrary">
<doc>Takes a screenshot of the current page and embeds it into a log file.</doc>
<msg timestamp="20220708 23:33:49.266" level="INFO" html="true">&lt;/td&gt;&lt;/tr&gt;&lt;tr&gt;&lt;td colspan="3"&gt;&lt;a href="selenium-screenshot-2.png"&gt;&lt;img src="selenium-screenshot-2.png" width="800px"&gt;&lt;/a&gt;</msg>
<status status="PASS" starttime="20220708 23:33:49.060" endtime="20220708 23:33:49.266"/>
</kw>
<kw name="Close Browser" library="SeleniumLibrary">
<doc>Closes the current browser.</doc>
<status status="PASS" starttime="20220708 23:33:49.266" endtime="20220708 23:33:51.456"/>
</kw>
<status status="PASS" starttime="20220708 23:33:49.058" endtime="20220708 23:33:51.456"/>
</kw>
<status status="PASS" starttime="20220708 23:33:44.618" endtime="20220708 23:33:51.457"/>
</test>
<status status="PASS" starttime="20220708 23:33:37.769" endtime="20220708 23:33:51.459"/>
</suite>
<statistics>
<total>
<stat pass="2" fail="0" skip="0">All Tests</stat>
</total>
<tag>
</tag>
<suite>
<stat pass="2" fail="0" skip="0" id="s1" name="Tables">Tables</stat>
</suite>
</statistics>
<errors>
</errors>
</robot>
