<?xml version="1.0" encoding="UTF-8"?>
<robot generator="Robot 5.0.1 (Python 3.9.13 on win32)" generated="20220706 13:20:42.866" rpa="false" schemaversion="3">
<suite id="s1" name="Tests" source="H:\Meu Drive\Profissionalização\qAcademy_atividades\curso_robot_framework_e_selenium\aula06_screenxotes_dos_milagres\web\tests">
<suite id="s1-s1" name="Checkbox" source="H:\Meu Drive\Profissionalização\qAcademy_atividades\curso_robot_framework_e_selenium\aula06_screenxotes_dos_milagres\web\tests\checkbox.robot">
<test id="s1-s1-t1" name="Marcando opção com Id" line="13">
<kw name="Nova sessão" library="base" type="SETUP">
<kw name="Open Browser" library="SeleniumLibrary">
<arg>${url}</arg>
<arg>chrome</arg>
<doc>Opens a new browser instance to the optional ``url``.</doc>
<msg timestamp="20220706 13:20:43.108" level="INFO">Opening browser 'chrome' to base url 'https://training-wheels-protocol.herokuapp.com/'.</msg>
<status status="PASS" starttime="20220706 13:20:43.108" endtime="20220706 13:20:47.348"/>
</kw>
<status status="PASS" starttime="20220706 13:20:43.107" endtime="20220706 13:20:47.348"/>
</kw>
<kw name="Go To" library="SeleniumLibrary">
<arg>${url}/checkboxes</arg>
<doc>Navigates the current browser window to the provided ``url``.</doc>
<msg timestamp="20220706 13:20:47.349" level="INFO">Opening url 'https://training-wheels-protocol.herokuapp.com//checkboxes'</msg>
<status status="PASS" starttime="20220706 13:20:47.349" endtime="20220706 13:20:47.660"/>
</kw>
<kw name="Select Checkbox" library="SeleniumLibrary">
<arg>${check_thor}</arg>
<doc>Selects the checkbox identified by ``locator``.</doc>
<msg timestamp="20220706 13:20:47.662" level="INFO">Selecting checkbox 'id:thor'.</msg>
<status status="PASS" starttime="20220706 13:20:47.661" endtime="20220706 13:20:47.832"/>
</kw>
<kw name="Checkbox Should Be Selected" library="SeleniumLibrary">
<arg>${check_thor}</arg>
<doc>Verifies checkbox ``locator`` is selected/checked.</doc>
<msg timestamp="20220706 13:20:47.834" level="INFO">Verifying checkbox 'id:thor' is selected.</msg>
<status status="PASS" starttime="20220706 13:20:47.834" endtime="20220706 13:20:47.867"/>
</kw>
<kw name="Encerra sessão" library="base" type="TEARDOWN">
<kw name="Capture Page Screenshot" library="SeleniumLibrary">
<doc>Takes a screenshot of the current page and embeds it into a log file.</doc>
<msg timestamp="20220706 13:20:48.029" level="INFO" html="true">&lt;/td&gt;&lt;/tr&gt;&lt;tr&gt;&lt;td colspan="3"&gt;&lt;a href="selenium-screenshot-1.png"&gt;&lt;img src="selenium-screenshot-1.png" width="800px"&gt;&lt;/a&gt;</msg>
<status status="PASS" starttime="20220706 13:20:47.868" endtime="20220706 13:20:48.029"/>
</kw>
<kw name="Close Browser" library="SeleniumLibrary">
<doc>Closes the current browser.</doc>
<status status="PASS" starttime="20220706 13:20:48.029" endtime="20220706 13:20:50.271"/>
</kw>
<status status="PASS" starttime="20220706 13:20:47.868" endtime="20220706 13:20:50.271"/>
</kw>
<status status="PASS" starttime="20220706 13:20:43.093" endtime="20220706 13:20:50.272"/>
</test>
<test id="s1-s1-t2" name="Marcando opção com CSS Selector" line="18">
<kw name="Nova sessão" library="base" type="SETUP">
<kw name="Open Browser" library="SeleniumLibrary">
<arg>${url}</arg>
<arg>chrome</arg>
<doc>Opens a new browser instance to the optional ``url``.</doc>
<msg timestamp="20220706 13:20:50.276" level="INFO">Opening browser 'chrome' to base url 'https://training-wheels-protocol.herokuapp.com/'.</msg>
<status status="PASS" starttime="20220706 13:20:50.275" endtime="20220706 13:20:54.577"/>
</kw>
<status status="PASS" starttime="20220706 13:20:50.274" endtime="20220706 13:20:54.577"/>
</kw>
<kw name="Go To" library="SeleniumLibrary">
<arg>${url}/checkboxes</arg>
<doc>Navigates the current browser window to the provided ``url``.</doc>
<msg timestamp="20220706 13:20:54.578" level="INFO">Opening url 'https://training-wheels-protocol.herokuapp.com//checkboxes'</msg>
<status status="PASS" starttime="20220706 13:20:54.578" endtime="20220706 13:20:54.895"/>
</kw>
<kw name="Select Checkbox" library="SeleniumLibrary">
<arg>${check_iron}</arg>
<doc>Selects the checkbox identified by ``locator``.</doc>
<msg timestamp="20220706 13:20:54.897" level="INFO">Selecting checkbox 'css:input[value='iron-man']'.</msg>
<status status="PASS" starttime="20220706 13:20:54.897" endtime="20220706 13:20:55.074"/>
</kw>
<kw name="Checkbox Should Be Selected" library="SeleniumLibrary">
<arg>${check_iron}</arg>
<doc>Verifies checkbox ``locator`` is selected/checked.</doc>
<msg timestamp="20220706 13:20:55.076" level="INFO">Verifying checkbox 'css:input[value='iron-man']' is selected.</msg>
<status status="PASS" starttime="20220706 13:20:55.075" endtime="20220706 13:20:55.109"/>
</kw>
<kw name="Encerra sessão" library="base" type="TEARDOWN">
<kw name="Capture Page Screenshot" library="SeleniumLibrary">
<doc>Takes a screenshot of the current page and embeds it into a log file.</doc>
<msg timestamp="20220706 13:20:55.281" level="INFO" html="true">&lt;/td&gt;&lt;/tr&gt;&lt;tr&gt;&lt;td colspan="3"&gt;&lt;a href="selenium-screenshot-2.png"&gt;&lt;img src="selenium-screenshot-2.png" width="800px"&gt;&lt;/a&gt;</msg>
<status status="PASS" starttime="20220706 13:20:55.110" endtime="20220706 13:20:55.281"/>
</kw>
<kw name="Close Browser" library="SeleniumLibrary">
<doc>Closes the current browser.</doc>
<status status="PASS" starttime="20220706 13:20:55.281" endtime="20220706 13:20:57.515"/>
</kw>
<status status="PASS" starttime="20220706 13:20:55.109" endtime="20220706 13:20:57.515"/>
</kw>
<status status="PASS" starttime="20220706 13:20:50.274" endtime="20220706 13:20:57.515"/>
</test>
<test id="s1-s1-t3" name="Marcando opção com Xpath" line="23">
<kw name="Nova sessão" library="base" type="SETUP">
<kw name="Open Browser" library="SeleniumLibrary">
<arg>${url}</arg>
<arg>chrome</arg>
<doc>Opens a new browser instance to the optional ``url``.</doc>
<msg timestamp="20220706 13:20:57.520" level="INFO">Opening browser 'chrome' to base url 'https://training-wheels-protocol.herokuapp.com/'.</msg>
<status status="PASS" starttime="20220706 13:20:57.519" endtime="20220706 13:21:01.886"/>
</kw>
<status status="PASS" starttime="20220706 13:20:57.518" endtime="20220706 13:21:01.886"/>
</kw>
<kw name="Go To" library="SeleniumLibrary">
<arg>${url}/checkboxes</arg>
<doc>Navigates the current browser window to the provided ``url``.</doc>
<msg timestamp="20220706 13:21:01.888" level="INFO">Opening url 'https://training-wheels-protocol.herokuapp.com//checkboxes'</msg>
<status status="PASS" starttime="20220706 13:21:01.887" endtime="20220706 13:21:02.216"/>
</kw>
<kw name="Select Checkbox" library="SeleniumLibrary">
<arg>${check_panther}</arg>
<doc>Selects the checkbox identified by ``locator``.</doc>
<msg timestamp="20220706 13:21:02.218" level="INFO">Selecting checkbox 'xpath://*[@id='checkboxes']/input[7]'.</msg>
<status status="PASS" starttime="20220706 13:21:02.217" endtime="20220706 13:21:02.402"/>
</kw>
<kw name="Checkbox Should Be Selected" library="SeleniumLibrary">
<arg>${check_panther}</arg>
<doc>Verifies checkbox ``locator`` is selected/checked.</doc>
<msg timestamp="20220706 13:21:02.404" level="INFO">Verifying checkbox 'xpath://*[@id='checkboxes']/input[7]' is selected.</msg>
<status status="PASS" starttime="20220706 13:21:02.403" endtime="20220706 13:21:02.437"/>
</kw>
<kw name="Encerra sessão" library="base" type="TEARDOWN">
<kw name="Capture Page Screenshot" library="SeleniumLibrary">
<doc>Takes a screenshot of the current page and embeds it into a log file.</doc>
<msg timestamp="20220706 13:21:02.607" level="INFO" html="true">&lt;/td&gt;&lt;/tr&gt;&lt;tr&gt;&lt;td colspan="3"&gt;&lt;a href="selenium-screenshot-3.png"&gt;&lt;img src="selenium-screenshot-3.png" width="800px"&gt;&lt;/a&gt;</msg>
<status status="PASS" starttime="20220706 13:21:02.437" endtime="20220706 13:21:02.607"/>
</kw>
<kw name="Close Browser" library="SeleniumLibrary">
<doc>Closes the current browser.</doc>
<status status="PASS" starttime="20220706 13:21:02.607" endtime="20220706 13:21:04.765"/>
</kw>
<status status="PASS" starttime="20220706 13:21:02.437" endtime="20220706 13:21:04.765"/>
</kw>
<tag>ironman</tag>
<status status="PASS" starttime="20220706 13:20:57.518" endtime="20220706 13:21:04.766"/>
</test>
<status status="PASS" starttime="20220706 13:20:42.895" endtime="20220706 13:21:04.768"/>
</suite>
<suite id="s1-s2" name="Title" source="H:\Meu Drive\Profissionalização\qAcademy_atividades\curso_robot_framework_e_selenium\aula06_screenxotes_dos_milagres\web\tests\title.robot">
<test id="s1-s2-t1" name="Should See Page Title" line="5">
<kw name="Open Browser" library="SeleniumLibrary">
<arg>https://training-wheels-protocol.herokuapp.com/</arg>
<arg>chrome</arg>
<doc>Opens a new browser instance to the optional ``url``.</doc>
<msg timestamp="20220706 13:21:04.779" level="INFO">Opening browser 'chrome' to base url 'https://training-wheels-protocol.herokuapp.com/'.</msg>
<status status="PASS" starttime="20220706 13:21:04.779" endtime="20220706 13:21:09.345"/>
</kw>
<kw name="Title Should Be" library="SeleniumLibrary">
<arg>Training Wheels Protocol</arg>
<doc>Verifies that the current page title equals ``title``.</doc>
<msg timestamp="20220706 13:21:09.352" level="INFO">Page title is 'Training Wheels Protocol'.</msg>
<status status="PASS" starttime="20220706 13:21:09.346" endtime="20220706 13:21:09.352"/>
</kw>
<kw name="Close Browser" library="SeleniumLibrary">
<doc>Closes the current browser.</doc>
<status status="PASS" starttime="20220706 13:21:09.352" endtime="20220706 13:21:11.583"/>
</kw>
<status status="PASS" starttime="20220706 13:21:04.777" endtime="20220706 13:21:11.584"/>
</test>
<status status="PASS" starttime="20220706 13:21:04.770" endtime="20220706 13:21:11.587"/>
</suite>
<status status="PASS" starttime="20220706 13:20:42.870" endtime="20220706 13:21:11.589"/>
</suite>
<statistics>
<total>
<stat pass="4" fail="0" skip="0">All Tests</stat>
</total>
<tag>
<stat pass="1" fail="0" skip="0">ironman</stat>
</tag>
<suite>
<stat pass="4" fail="0" skip="0" id="s1" name="Tests">Tests</stat>
<stat pass="3" fail="0" skip="0" id="s1-s1" name="Checkbox">Tests.Checkbox</stat>
<stat pass="1" fail="0" skip="0" id="s1-s2" name="Title">Tests.Title</stat>
</suite>
</statistics>
<errors>
</errors>
</robot>
