<?xml version="1.0" encoding="UTF-8"?>
<robot generator="Robot 5.0.1 (Python 3.9.13 on win32)" generated="20220704 15:42:13.334" rpa="false" schemaversion="3">
<suite id="s1" name="Test" source="H:\Meu Drive\Profissionalização\SeleniumWebDriver_RobotFramework\PrimeiroScript\test.robot">
<test id="s1-t1" name="Deve retornar mensagem de boas-vindas" line="7">
<kw name="Welcome" library="app">
<var>${result}</var>
<arg>Rodrigo</arg>
<msg timestamp="20220704 15:42:13.410" level="INFO">${result} = Olá, Rodrigo, bem-vindo ao Curso Básico de Robot Framework!</msg>
<status status="PASS" starttime="20220704 15:42:13.410" endtime="20220704 15:42:13.410"/>
</kw>
<kw name="Should Be Equal" library="BuiltIn">
<arg>${result}</arg>
<arg>Olá, Rodrigo, bem-vindo ao Curso Básico de Robot Framework!</arg>
<doc>Fails if the given objects are unequal.</doc>
<status status="PASS" starttime="20220704 15:42:13.410" endtime="20220704 15:42:13.411"/>
</kw>
<status status="PASS" starttime="20220704 15:42:13.409" endtime="20220704 15:42:13.411"/>
</test>
<status status="PASS" starttime="20220704 15:42:13.337" endtime="20220704 15:42:13.414"/>
</suite>
<statistics>
<total>
<stat pass="1" fail="0" skip="0">All Tests</stat>
</total>
<tag>
</tag>
<suite>
<stat pass="1" fail="0" skip="0" id="s1" name="Test">Test</stat>
</suite>
</statistics>
<errors>
</errors>
</robot>
